<?xml version="1.0" encoding="UTF-8"?>
<testsuite name="com.example.springsecurity.SpringSecurityApplicationTests" tests="1" skipped="0" failures="0" errors="0" timestamp="2021-12-17T23:14:24" hostname="DESKTOP-6BFM9GE" time="2.688">
  <properties/>
  <testcase name="contextLoads()" classname="com.example.springsecurity.SpringSecurityApplicationTests" time="2.688"/>
  <system-out><![CDATA[15:14:05.507 [Test worker] DEBUG org.springframework.test.context.BootstrapUtils - Instantiating CacheAwareContextLoaderDelegate from class [org.springframework.test.context.cache.DefaultCacheAwareContextLoaderDelegate]
15:14:05.612 [Test worker] DEBUG org.springframework.test.context.BootstrapUtils - Instantiating BootstrapContext using constructor [public org.springframework.test.context.support.DefaultBootstrapContext(java.lang.Class,org.springframework.test.context.CacheAwareContextLoaderDelegate)]
15:14:05.846 [Test worker] DEBUG org.springframework.test.context.BootstrapUtils - Instantiating TestContextBootstrapper for test class [com.example.springsecurity.SpringSecurityApplicationTests] from class [org.springframework.boot.test.context.SpringBootTestContextBootstrapper]
15:14:05.972 [Test worker] INFO org.springframework.boot.test.context.SpringBootTestContextBootstrapper - Neither @ContextConfiguration nor @ContextHierarchy found for test class [com.example.springsecurity.SpringSecurityApplicationTests], using SpringBootContextLoader
15:14:06.012 [Test worker] DEBUG org.springframework.test.context.support.AbstractContextLoader - Did not detect default resource location for test class [com.example.springsecurity.SpringSecurityApplicationTests]: class path resource [com/example/springsecurity/SpringSecurityApplicationTests-context.xml] does not exist
15:14:06.020 [Test worker] DEBUG org.springframework.test.context.support.AbstractContextLoader - Did not detect default resource location for test class [com.example.springsecurity.SpringSecurityApplicationTests]: class path resource [com/example/springsecurity/SpringSecurityApplicationTestsContext.groovy] does not exist
15:14:06.020 [Test worker] INFO org.springframework.test.context.support.AbstractContextLoader - Could not detect default resource locations for test class [com.example.springsecurity.SpringSecurityApplicationTests]: no resource found for suffixes {-context.xml, Context.groovy}.
15:14:06.025 [Test worker] INFO org.springframework.test.context.support.AnnotationConfigContextLoaderUtils - Could not detect default configuration classes for test class [com.example.springsecurity.SpringSecurityApplicationTests]: SpringSecurityApplicationTests does not declare any static, non-private, non-final, nested classes annotated with @Configuration.
15:14:06.363 [Test worker] DEBUG org.springframework.test.context.support.ActiveProfilesUtils - Could not find an 'annotation declaring class' for annotation type [org.springframework.test.context.ActiveProfiles] and class [com.example.springsecurity.SpringSecurityApplicationTests]
15:14:06.782 [Test worker] DEBUG org.springframework.context.annotation.ClassPathScanningCandidateComponentProvider - Identified candidate component class: file [/mnt/c/wsl/Final Project/fa21-172-end-game/frontoffice/build/classes/java/main/com/example/springsecurity/SpringSecurityApplication.class]
15:14:06.848 [Test worker] INFO org.springframework.boot.test.context.SpringBootTestContextBootstrapper - Found @SpringBootConfiguration com.example.springsecurity.SpringSecurityApplication for test class com.example.springsecurity.SpringSecurityApplicationTests
15:14:07.707 [Test worker] DEBUG org.springframework.boot.test.context.SpringBootTestContextBootstrapper - @TestExecutionListeners is not present for class [com.example.springsecurity.SpringSecurityApplicationTests]: using defaults.
15:14:07.711 [Test worker] INFO org.springframework.boot.test.context.SpringBootTestContextBootstrapper - Loaded default TestExecutionListener class names from location [META-INF/spring.factories]: [org.springframework.security.test.context.support.WithSecurityContextTestExecutionListener, org.springframework.security.test.context.support.ReactorContextTestExecutionListener, org.springframework.boot.test.autoconfigure.restdocs.RestDocsTestExecutionListener, org.springframework.boot.test.autoconfigure.web.client.MockRestServiceServerResetTestExecutionListener, org.springframework.boot.test.autoconfigure.web.servlet.MockMvcPrintOnlyOnFailureTestExecutionListener, org.springframework.boot.test.autoconfigure.web.servlet.WebDriverTestExecutionListener, org.springframework.boot.test.autoconfigure.webservices.client.MockWebServiceServerTestExecutionListener, org.springframework.boot.test.mock.mockito.MockitoTestExecutionListener, org.springframework.boot.test.mock.mockito.ResetMocksTestExecutionListener, org.springframework.test.context.web.ServletTestExecutionListener, org.springframework.test.context.support.DirtiesContextBeforeModesTestExecutionListener, org.springframework.test.context.event.ApplicationEventsTestExecutionListener, org.springframework.test.context.support.DependencyInjectionTestExecutionListener, org.springframework.test.context.support.DirtiesContextTestExecutionListener, org.springframework.test.context.transaction.TransactionalTestExecutionListener, org.springframework.test.context.jdbc.SqlScriptsTestExecutionListener, org.springframework.test.context.event.EventPublishingTestExecutionListener]
15:14:07.868 [Test worker] DEBUG org.springframework.boot.test.context.SpringBootTestContextBootstrapper - Skipping candidate TestExecutionListener [org.springframework.test.context.transaction.TransactionalTestExecutionListener] due to a missing dependency. Specify custom listener classes or make the default listener classes and their required dependencies available. Offending class: [org.springframework.transaction.interceptor.TransactionAttributeSource]
15:14:07.873 [Test worker] DEBUG org.springframework.boot.test.context.SpringBootTestContextBootstrapper - Skipping candidate TestExecutionListener [org.springframework.test.context.jdbc.SqlScriptsTestExecutionListener] due to a missing dependency. Specify custom listener classes or make the default listener classes and their required dependencies available. Offending class: [org.springframework.transaction.interceptor.TransactionAttribute]
15:14:07.873 [Test worker] INFO org.springframework.boot.test.context.SpringBootTestContextBootstrapper - Using TestExecutionListeners: [org.springframework.test.context.web.ServletTestExecutionListener@350fe3e4, org.springframework.test.context.support.DirtiesContextBeforeModesTestExecutionListener@f21fe8f9, org.springframework.test.context.event.ApplicationEventsTestExecutionListener@813a77e6, org.springframework.boot.test.mock.mockito.MockitoTestExecutionListener@53d7dec1, org.springframework.boot.test.autoconfigure.SpringBootDependencyInjectionTestExecutionListener@40f131f, org.springframework.test.context.support.DirtiesContextTestExecutionListener@73d29080, org.springframework.security.test.context.support.WithSecurityContextTestExecutionListener@bb2f5cca, org.springframework.test.context.event.EventPublishingTestExecutionListener@f6dc8505, org.springframework.security.test.context.support.ReactorContextTestExecutionListener@20ea63a6, org.springframework.boot.test.autoconfigure.restdocs.RestDocsTestExecutionListener@36c9fd6f, org.springframework.boot.test.autoconfigure.web.client.MockRestServiceServerResetTestExecutionListener@b3afe459, org.springframework.boot.test.autoconfigure.web.servlet.MockMvcPrintOnlyOnFailureTestExecutionListener@30524e48, org.springframework.boot.test.autoconfigure.web.servlet.WebDriverTestExecutionListener@694887bf, org.springframework.boot.test.autoconfigure.webservices.client.MockWebServiceServerTestExecutionListener@443371be, org.springframework.boot.test.mock.mockito.ResetMocksTestExecutionListener@328c095f]
15:14:07.911 [Test worker] DEBUG org.springframework.test.context.support.AbstractDirtiesContextTestExecutionListener - Before test class: context [DefaultTestContext@da35b491 testClass = SpringSecurityApplicationTests, testInstance = [null], testMethod = [null], testException = [null], mergedContextConfiguration = [WebMergedContextConfiguration@5a8ca896 testClass = SpringSecurityApplicationTests, locations = '{}', classes = '{class com.example.springsecurity.SpringSecurityApplication}', contextInitializerClasses = '[]', activeProfiles = '{}', propertySourceLocations = '{}', propertySourceProperties = '{org.springframework.boot.test.context.SpringBootTestContextBootstrapper=true}', contextCustomizers = set[org.springframework.boot.test.autoconfigure.actuate.metrics.MetricsExportContextCustomizerFactory$DisableMetricExportContextCustomizer@b9203bb3, org.springframework.boot.test.autoconfigure.properties.PropertyMappingContextCustomizer@0, org.springframework.boot.test.autoconfigure.web.servlet.WebDriverContextCustomizerFactory$Customizer@15df7fba, org.springframework.boot.test.context.filter.ExcludeFilterContextCustomizer@84de45a2, org.springframework.boot.test.json.DuplicateJsonObjectContextCustomizerFactory$DuplicateJsonObjectContextCustomizer@859fe280, org.springframework.boot.test.mock.mockito.MockitoContextCustomizer@0, org.springframework.boot.test.web.client.TestRestTemplateContextCustomizer@140fa980, org.springframework.boot.test.context.SpringBootTestArgs@1, org.springframework.boot.test.context.SpringBootTestWebEnvironment@75dea641], resourceBasePath = 'src/main/webapp', contextLoader = 'org.springframework.boot.test.context.SpringBootContextLoader', parent = [null]], attributes = map['org.springframework.test.context.web.ServletTestExecutionListener.activateListener' -> true]], class annotated with @DirtiesContext [false] with mode [null].
15:14:08.209 [Test worker] DEBUG org.springframework.test.context.support.TestPropertySourceUtils - Adding inlined properties to environment: {spring.jmx.enabled=false, org.springframework.boot.test.context.SpringBootTestContextBootstrapper=true}

  .   ____          _            __ _ _
 /\\ / ___'_ __ _ _(_)_ __  __ _ \ \ \ \
( ( )\___ | '_ | '_| | '_ \/ _` | \ \ \ \
 \\/  ___)| |_)| | | | | || (_| |  ) ) ) )
  '  |____| .__|_| |_|_| |_\__, | / / / /
 =========|_|==============|___/=/_/_/_/
 :: Spring Boot ::               (v2.4.11)

2021-12-17 15:14:09.967  INFO 30801 --- [    Test worker] c.e.s.SpringSecurityApplicationTests     : Starting SpringSecurityApplicationTests using Java 11.0.11 on DESKTOP-6BFM9GE with PID 30801 (started by kalowah in /mnt/c/wsl/Final Project/fa21-172-end-game/frontoffice)
2021-12-17 15:14:09.972  INFO 30801 --- [    Test worker] c.e.s.SpringSecurityApplicationTests     : No active profile set, falling back to default profiles: default
2021-12-17 15:14:16.458  WARN 30801 --- [    Test worker] o.s.security.core.userdetails.User       : User.withDefaultPasswordEncoder() is considered unsafe for production and is only intended for sample applications.
2021-12-17 15:14:18.493  INFO 30801 --- [    Test worker] o.s.s.web.DefaultSecurityFilterChain     : Will secure any request with [org.springframework.security.web.context.request.async.WebAsyncManagerIntegrationFilter@1f7c1397, org.springframework.security.web.context.SecurityContextPersistenceFilter@8690d168, org.springframework.security.web.header.HeaderWriterFilter@3d6219f6, org.springframework.security.web.csrf.CsrfFilter@b9eba9d7, org.springframework.security.web.authentication.logout.LogoutFilter@1758062b, org.springframework.security.web.authentication.UsernamePasswordAuthenticationFilter@b7ea9a6f, org.springframework.security.web.savedrequest.RequestCacheAwareFilter@aeb91210, org.springframework.security.web.servletapi.SecurityContextHolderAwareRequestFilter@23dc5ab2, org.springframework.security.web.authentication.AnonymousAuthenticationFilter@cb0d4463, org.springframework.security.web.session.SessionManagementFilter@3eaf3de5, org.springframework.security.web.access.ExceptionTranslationFilter@9a6733f, org.springframework.security.web.access.intercept.FilterSecurityInterceptor@734ced6a]
2021-12-17 15:14:24.247  INFO 30801 --- [    Test worker] c.e.s.SpringSecurityApplicationTests     : Started SpringSecurityApplicationTests in 15.977 seconds (JVM running for 21.257)
]]></system-out>
  <system-err><![CDATA[]]></system-err>
</testsuite>
